<?xml version="1.0" encoding="UTF-8"?>
<!-- Generated by org.testng.reporters.JUnitReportReporter -->
<testsuite skipped="0" hostname="DESKTOP-10PDJ9D" name="TestNGDay1.NewTest" tests="1" failures="0" timestamp="2022-10-18T17:12:29 IST" time="0.013" errors="0">
  <testcase name="test1" time="0.013" classname="TestNGDay1.NewTest"/>
  <system-out/>
</testsuite> <!-- TestNGDay1.NewTest -->
