<?xml version="1.0" encoding="UTF-8"?>
<!-- Generated by org.testng.reporters.JUnitReportReporter -->
<testsuite skipped="0" hostname="DESKTOP-10PDJ9D" name="TestNGDay1.Testing2" tests="3" failures="0" timestamp="2022-10-18T17:16:44 IST" time="0.018" errors="0">
  <testcase name="test3" time="0.002" classname="TestNGDay1.Testing2"/>
  <system-out/>
  <testcase name="test1" time="0.013" classname="TestNGDay1.Testing2"/>
  <system-out/>
  <testcase name="test2" time="0.003" classname="TestNGDay1.Testing2"/>
  <system-out/>
</testsuite> <!-- TestNGDay1.Testing2 -->
